<?xml version="1.0" encoding="UTF-8"?>
<!-- Generated by org.testng.reporters.JUnitReportReporter -->
<testsuite hostname="DESKTOP-LLL16K7" failures="0" tests="4" name="api.test.UserTests" time="9.424" errors="0" timestamp="2025-02-09T22:08:38 IST" skipped="0">
  <testcase classname="api.test.UserTests" name="testPostUser" time="5.037"/>
  <system-out/>
  <testcase classname="api.test.UserTests" name="testGetUserByName" time="1.488"/>
  <system-out/>
  <testcase classname="api.test.UserTests" name="testUpdateUserByName" time="1.481"/>
  <system-out/>
  <testcase classname="api.test.UserTests" name="testDeleteUserByName" time="1.418"/>
  <system-out/>
</testsuite> <!-- api.test.UserTests -->
