<?xml version="1.0" encoding="UTF-8"?>
<!-- Generated by org.testng.reporters.JUnitReportReporter -->
<testsuite hostname="DESKTOP-LLL16K7" failures="0" tests="16" name="api.test.DDTests" time="22.803" errors="0" timestamp="2025-02-09T22:08:38 IST" skipped="0">
  <testcase classname="api.test.DDTests" name="testPostUser" time="1.484"/>
  <system-out/>
  <testcase classname="api.test.DDTests" name="testPostUser" time="1.381"/>
  <system-out/>
  <testcase classname="api.test.DDTests" name="testPostUser" time="1.389"/>
  <system-out/>
  <testcase classname="api.test.DDTests" name="testPostUser" time="1.375"/>
  <system-out/>
  <testcase classname="api.test.DDTests" name="testGetUserByName" time="1.414"/>
  <system-out/>
  <testcase classname="api.test.DDTests" name="testGetUserByName" time="1.480"/>
  <system-out/>
  <testcase classname="api.test.DDTests" name="testGetUserByName" time="1.450"/>
  <system-out/>
  <testcase classname="api.test.DDTests" name="testGetUserByName" time="1.386"/>
  <system-out/>
  <testcase classname="api.test.DDTests" name="testUpdateUserByName" time="1.460"/>
  <system-out/>
  <testcase classname="api.test.DDTests" name="testUpdateUserByName" time="1.384"/>
  <system-out/>
  <testcase classname="api.test.DDTests" name="testUpdateUserByName" time="1.513"/>
  <system-out/>
  <testcase classname="api.test.DDTests" name="testUpdateUserByName" time="1.448"/>
  <system-out/>
  <testcase classname="api.test.DDTests" name="testDeleteUserByName" time="1.386"/>
  <system-out/>
  <testcase classname="api.test.DDTests" name="testDeleteUserByName" time="1.399"/>
  <system-out/>
  <testcase classname="api.test.DDTests" name="testDeleteUserByName" time="1.412"/>
  <system-out/>
  <testcase classname="api.test.DDTests" name="testDeleteUserByName" time="1.442"/>
  <system-out/>
</testsuite> <!-- api.test.DDTests -->
