<?xml version="1.0" encoding="UTF-8"?>
<!-- Generated by org.testng.reporters.JUnitReportReporter -->
<testsuite hostname="DESKTOP-LLL16K7" failures="0" tests="1" name="restassured.HTTPRequestDay1" time="4.385" errors="0" timestamp="07 Feb 2025 16:26:52 GMT" skipped="0">
  <testcase classname="restassured.HTTPRequestDay1" name="createUser" time="4.385"/>
</testsuite> <!-- restassured.HTTPRequestDay1 -->
